<?xml version="1.0" encoding="UTF-8"?>
<testsuite name="com.mparkersimms.songr.HelloWorldTest" tests="1" skipped="0" failures="0" errors="0" timestamp="2021-04-08T03:35:54" hostname="Matthews-MacBook-Pro.local" time="0.625">
  <properties/>
  <testcase name="HellowWorldTest()" classname="com.mparkersimms.songr.HelloWorldTest" time="0.625"/>
  <system-out><![CDATA[22:35:48.250 [Test worker] DEBUG org.springframework.test.context.BootstrapUtils - Instantiating CacheAwareContextLoaderDelegate from class [org.springframework.test.context.cache.DefaultCacheAwareContextLoaderDelegate]
22:35:48.263 [Test worker] DEBUG org.springframework.test.context.BootstrapUtils - Instantiating BootstrapContext using constructor [public org.springframework.test.context.support.DefaultBootstrapContext(java.lang.Class,org.springframework.test.context.CacheAwareContextLoaderDelegate)]
22:35:48.307 [Test worker] DEBUG org.springframework.test.context.BootstrapUtils - Instantiating TestContextBootstrapper for test class [com.mparkersimms.songr.HelloWorldTest] from class [org.springframework.boot.test.context.SpringBootTestContextBootstrapper]
22:35:48.320 [Test worker] INFO org.springframework.boot.test.context.SpringBootTestContextBootstrapper - Neither @ContextConfiguration nor @ContextHierarchy found for test class [com.mparkersimms.songr.HelloWorldTest], using SpringBootContextLoader
22:35:48.325 [Test worker] DEBUG org.springframework.test.context.support.AbstractContextLoader - Did not detect default resource location for test class [com.mparkersimms.songr.HelloWorldTest]: class path resource [com/mparkersimms/songr/HelloWorldTest-context.xml] does not exist
22:35:48.325 [Test worker] DEBUG org.springframework.test.context.support.AbstractContextLoader - Did not detect default resource location for test class [com.mparkersimms.songr.HelloWorldTest]: class path resource [com/mparkersimms/songr/HelloWorldTestContext.groovy] does not exist
22:35:48.326 [Test worker] INFO org.springframework.test.context.support.AbstractContextLoader - Could not detect default resource locations for test class [com.mparkersimms.songr.HelloWorldTest]: no resource found for suffixes {-context.xml, Context.groovy}.
22:35:48.326 [Test worker] INFO org.springframework.test.context.support.AnnotationConfigContextLoaderUtils - Could not detect default configuration classes for test class [com.mparkersimms.songr.HelloWorldTest]: HelloWorldTest does not declare any static, non-private, non-final, nested classes annotated with @Configuration.
22:35:48.396 [Test worker] DEBUG org.springframework.test.context.support.ActiveProfilesUtils - Could not find an 'annotation declaring class' for annotation type [org.springframework.test.context.ActiveProfiles] and class [com.mparkersimms.songr.HelloWorldTest]
22:35:48.493 [Test worker] DEBUG org.springframework.context.annotation.ClassPathScanningCandidateComponentProvider - Identified candidate component class: file [/Users/matthewsimms/Documents/projects/401/songr/build/classes/java/main/com/mparkersimms/songr/SongrApplication.class]
22:35:48.500 [Test worker] INFO org.springframework.boot.test.context.SpringBootTestContextBootstrapper - Found @SpringBootConfiguration com.mparkersimms.songr.SongrApplication for test class com.mparkersimms.songr.HelloWorldTest
22:35:48.628 [Test worker] DEBUG org.springframework.boot.test.context.SpringBootTestContextBootstrapper - @TestExecutionListeners is not present for class [com.mparkersimms.songr.HelloWorldTest]: using defaults.
22:35:48.628 [Test worker] INFO org.springframework.boot.test.context.SpringBootTestContextBootstrapper - Loaded default TestExecutionListener class names from location [META-INF/spring.factories]: [org.springframework.boot.test.autoconfigure.restdocs.RestDocsTestExecutionListener, org.springframework.boot.test.autoconfigure.web.client.MockRestServiceServerResetTestExecutionListener, org.springframework.boot.test.autoconfigure.web.servlet.MockMvcPrintOnlyOnFailureTestExecutionListener, org.springframework.boot.test.autoconfigure.web.servlet.WebDriverTestExecutionListener, org.springframework.boot.test.autoconfigure.webservices.client.MockWebServiceServerTestExecutionListener, org.springframework.boot.test.mock.mockito.MockitoTestExecutionListener, org.springframework.boot.test.mock.mockito.ResetMocksTestExecutionListener, org.springframework.test.context.web.ServletTestExecutionListener, org.springframework.test.context.support.DirtiesContextBeforeModesTestExecutionListener, org.springframework.test.context.event.ApplicationEventsTestExecutionListener, org.springframework.test.context.support.DependencyInjectionTestExecutionListener, org.springframework.test.context.support.DirtiesContextTestExecutionListener, org.springframework.test.context.transaction.TransactionalTestExecutionListener, org.springframework.test.context.jdbc.SqlScriptsTestExecutionListener, org.springframework.test.context.event.EventPublishingTestExecutionListener]
22:35:48.651 [Test worker] INFO org.springframework.boot.test.context.SpringBootTestContextBootstrapper - Using TestExecutionListeners: [org.springframework.test.context.web.ServletTestExecutionListener@6a629a23, org.springframework.test.context.support.DirtiesContextBeforeModesTestExecutionListener@1d821008, org.springframework.test.context.event.ApplicationEventsTestExecutionListener@1b9c26b1, org.springframework.boot.test.mock.mockito.MockitoTestExecutionListener@a17cb17, org.springframework.boot.test.autoconfigure.SpringBootDependencyInjectionTestExecutionListener@745afbf4, org.springframework.test.context.support.DirtiesContextTestExecutionListener@79d5b727, org.springframework.test.context.transaction.TransactionalTestExecutionListener@306bf02, org.springframework.test.context.jdbc.SqlScriptsTestExecutionListener@37fd8306, org.springframework.test.context.event.EventPublishingTestExecutionListener@145b4b56, org.springframework.boot.test.autoconfigure.restdocs.RestDocsTestExecutionListener@40e3ba75, org.springframework.boot.test.autoconfigure.web.client.MockRestServiceServerResetTestExecutionListener@762be3c4, org.springframework.boot.test.autoconfigure.web.servlet.MockMvcPrintOnlyOnFailureTestExecutionListener@2d95bbb4, org.springframework.boot.test.autoconfigure.web.servlet.WebDriverTestExecutionListener@63da44ab, org.springframework.boot.test.autoconfigure.webservices.client.MockWebServiceServerTestExecutionListener@3eb76ab7, org.springframework.boot.test.mock.mockito.ResetMocksTestExecutionListener@17ab9b66]
22:35:48.656 [Test worker] DEBUG org.springframework.test.context.support.AbstractDirtiesContextTestExecutionListener - Before test class: context [DefaultTestContext@23938229 testClass = HelloWorldTest, testInstance = [null], testMethod = [null], testException = [null], mergedContextConfiguration = [WebMergedContextConfiguration@7c786671 testClass = HelloWorldTest, locations = '{}', classes = '{class com.mparkersimms.songr.SongrApplication}', contextInitializerClasses = '[]', activeProfiles = '{}', propertySourceLocations = '{}', propertySourceProperties = '{org.springframework.boot.test.context.SpringBootTestContextBootstrapper=true}', contextCustomizers = set[org.springframework.boot.test.autoconfigure.actuate.metrics.MetricsExportContextCustomizerFactory$DisableMetricExportContextCustomizer@440c07c, org.springframework.boot.test.autoconfigure.properties.PropertyMappingContextCustomizer@4b3fa0b3, org.springframework.boot.test.autoconfigure.web.servlet.WebDriverContextCustomizerFactory$Customizer@33ffaa7c, [ImportsContextCustomizer@11eb9b30 key = [org.springframework.boot.test.autoconfigure.web.servlet.MockMvcAutoConfiguration, org.springframework.boot.test.autoconfigure.web.servlet.MockMvcWebClientAutoConfiguration, org.springframework.boot.test.autoconfigure.web.servlet.MockMvcWebDriverAutoConfiguration, org.springframework.boot.autoconfigure.security.oauth2.client.servlet.OAuth2ClientAutoConfiguration, org.springframework.boot.autoconfigure.security.oauth2.resource.servlet.OAuth2ResourceServerAutoConfiguration, org.springframework.boot.autoconfigure.security.servlet.SecurityAutoConfiguration, org.springframework.boot.autoconfigure.security.servlet.SecurityFilterAutoConfiguration, org.springframework.boot.autoconfigure.security.servlet.UserDetailsServiceAutoConfiguration, org.springframework.boot.test.autoconfigure.web.servlet.MockMvcSecurityConfiguration]], org.springframework.boot.test.context.filter.ExcludeFilterContextCustomizer@6d8fc15a, org.springframework.boot.test.json.DuplicateJsonObjectContextCustomizerFactory$DuplicateJsonObjectContextCustomizer@29c88e08, org.springframework.boot.test.mock.mockito.MockitoContextCustomizer@0, org.springframework.boot.test.web.client.TestRestTemplateContextCustomizer@60ec1f61, org.springframework.boot.test.context.SpringBootTestArgs@1, org.springframework.boot.test.context.SpringBootTestWebEnvironment@22eb025a], resourceBasePath = 'src/main/webapp', contextLoader = 'org.springframework.boot.test.context.SpringBootContextLoader', parent = [null]], attributes = map['org.springframework.test.context.web.ServletTestExecutionListener.activateListener' -> true]], class annotated with @DirtiesContext [false] with mode [null].
22:35:48.694 [Test worker] DEBUG org.springframework.test.context.support.TestPropertySourceUtils - Adding inlined properties to environment: {spring.jmx.enabled=false, org.springframework.boot.test.context.SpringBootTestContextBootstrapper=true}

  .   ____          _            __ _ _
 /\\ / ___'_ __ _ _(_)_ __  __ _ \ \ \ \
( ( )\___ | '_ | '_| | '_ \/ _` | \ \ \ \
 \\/  ___)| |_)| | | | | || (_| |  ) ) ) )
  '  |____| .__|_| |_|_| |_\__, | / / / /
 =========|_|==============|___/=/_/_/_/
 :: Spring Boot ::                (v2.4.4)

2021-04-07 22:35:49.055  INFO 80154 --- [    Test worker] com.mparkersimms.songr.HelloWorldTest    : Starting HelloWorldTest using Java 1.8.0_281 on Matthews-MacBook-Pro.local with PID 80154 (started by matthewsimms in /Users/matthewsimms/Documents/projects/401/songr)
2021-04-07 22:35:49.059  INFO 80154 --- [    Test worker] com.mparkersimms.songr.HelloWorldTest    : No active profile set, falling back to default profiles: default
2021-04-07 22:35:49.763  INFO 80154 --- [    Test worker] .s.d.r.c.RepositoryConfigurationDelegate : Bootstrapping Spring Data JPA repositories in DEFAULT mode.
2021-04-07 22:35:49.830  INFO 80154 --- [    Test worker] .s.d.r.c.RepositoryConfigurationDelegate : Finished Spring Data repository scanning in 56 ms. Found 2 JPA repository interfaces.
2021-04-07 22:35:50.802  INFO 80154 --- [    Test worker] o.hibernate.jpa.internal.util.LogHelper  : HHH000204: Processing PersistenceUnitInfo [name: default]
2021-04-07 22:35:50.901  INFO 80154 --- [    Test worker] org.hibernate.Version                    : HHH000412: Hibernate ORM core version 5.4.29.Final
2021-04-07 22:35:51.162  INFO 80154 --- [    Test worker] o.hibernate.annotations.common.Version   : HCANN000001: Hibernate Commons Annotations {5.1.2.Final}
2021-04-07 22:35:51.301  INFO 80154 --- [    Test worker] com.zaxxer.hikari.HikariDataSource       : HikariPool-1 - Starting...
2021-04-07 22:35:51.433  INFO 80154 --- [    Test worker] com.zaxxer.hikari.HikariDataSource       : HikariPool-1 - Start completed.
2021-04-07 22:35:51.476  INFO 80154 --- [    Test worker] org.hibernate.dialect.Dialect            : HHH000400: Using dialect: org.hibernate.dialect.PostgreSQL10Dialect
2021-04-07 22:35:52.234  INFO 80154 --- [    Test worker] o.h.e.t.j.p.i.JtaPlatformInitiator       : HHH000490: Using JtaPlatform implementation: [org.hibernate.engine.transaction.jta.platform.internal.NoJtaPlatform]
2021-04-07 22:35:52.243  INFO 80154 --- [    Test worker] j.LocalContainerEntityManagerFactoryBean : Initialized JPA EntityManagerFactory for persistence unit 'default'
2021-04-07 22:35:53.141  WARN 80154 --- [    Test worker] JpaBaseConfiguration$JpaWebConfiguration : spring.jpa.open-in-view is enabled by default. Therefore, database queries may be performed during view rendering. Explicitly configure spring.jpa.open-in-view to disable this warning
2021-04-07 22:35:53.459  INFO 80154 --- [    Test worker] o.s.s.concurrent.ThreadPoolTaskExecutor  : Initializing ExecutorService 'applicationTaskExecutor'
2021-04-07 22:35:54.104  INFO 80154 --- [    Test worker] o.s.b.t.m.w.SpringBootMockServletContext : Initializing Spring TestDispatcherServlet ''
2021-04-07 22:35:54.104  INFO 80154 --- [    Test worker] o.s.t.web.servlet.TestDispatcherServlet  : Initializing Servlet ''
2021-04-07 22:35:54.106  INFO 80154 --- [    Test worker] o.s.t.web.servlet.TestDispatcherServlet  : Completed initialization in 2 ms
2021-04-07 22:35:54.138  INFO 80154 --- [    Test worker] com.mparkersimms.songr.HelloWorldTest    : Started HelloWorldTest in 5.436 seconds (JVM running for 6.885)
]]></system-out>
  <system-err><![CDATA[]]></system-err>
</testsuite>
